2016-07-12 19:26:40,467 main INFO  a00977249.Gis - 2016-07-13T02:26:40.439Z
2016-07-12 19:26:40,822 main DEBUG database.Database - Loading database properties from db.properties
2016-07-12 19:26:40,823 main DEBUG database.Database - org.apache.derby.jdbc.EmbeddedDriver
2016-07-12 19:26:43,325 main INFO  a00977249.Gis - UI created
2016-07-12 19:26:45,036 main DEBUG database.Database - Driver loaded
2016-07-12 19:26:46,753 main DEBUG database.Database - Database connected
2016-07-12 19:26:46,854 main DEBUG data.DataManager - Files accessed
2016-07-12 19:26:46,857 main DEBUG a00977249.Gis - GameReader
2016-07-12 19:26:46,858 main DEBUG a00977249.Gis - /Users/SIA/Documents/workspace/A00977249Assignment2/games.dat
2016-07-12 19:26:46,920 main DEBUG a00977249.Gis - games.dat file content interpreted
2016-07-12 19:26:46,921 main DEBUG a00977249.Gis - PersonaReader
2016-07-12 19:26:46,923 main DEBUG a00977249.Gis - /Users/SIA/Documents/workspace/A00977249Assignment2/personas.dat
2016-07-12 19:26:46,929 main DEBUG a00977249.Gis - personas.dat file content interpreted
2016-07-12 19:26:46,929 main DEBUG a00977249.Gis - PlayerReader
2016-07-12 19:26:46,929 main DEBUG a00977249.Gis - /Users/SIA/Documents/workspace/A00977249Assignment2/players.dat
2016-07-12 19:26:46,941 main DEBUG a00977249.Gis - players.dat file content interpreted
2016-07-12 19:26:46,942 main DEBUG a00977249.Gis - ScoreReader
2016-07-12 19:26:46,942 main DEBUG a00977249.Gis - /Users/SIA/Documents/workspace/A00977249Assignment2/scores.dat
2016-07-12 19:26:46,955 main DEBUG a00977249.Gis - scores.dat file content interpreted
2016-07-12 19:26:46,955 main DEBUG a00977249.Gis - PlayerReportReader
2016-07-12 19:26:46,957 main DEBUG a00977249.Gis - LeaderBoardReportReader
2016-07-12 19:26:48,800 main DEBUG data.DataManager - Game table created
2016-07-12 19:26:48,981 main DEBUG data.DataManager - Persona table created
2016-07-12 19:26:49,048 main DEBUG data.DataManager - Player table created
2016-07-12 19:26:49,155 main DEBUG data.DataManager - Score table created
2016-07-12 19:26:49,199 main DEBUG data.DataManager - PlayerScore table created
2016-07-12 19:26:49,268 main DEBUG data.DataManager - PersonaScore table created
2016-07-12 19:26:49,503 main DEBUG dao.GameDao - insert into Game values('QUFI', 'Quick Fingers', 'Digitology')
2016-07-12 19:26:49,509 main DEBUG dao.GameDao - insert into Game values('CODE', 'Colour Demon', 'Magenta Boxer')
2016-07-12 19:26:49,535 main DEBUG dao.GameDao - insert into Game values('NUPI', 'Number Picker', 'Random Numburrs')
2016-07-12 19:26:49,536 main DEBUG data.DataManager - Loading 'games.dat' file in database completed successfully
2016-07-12 19:26:49,546 main DEBUG dao.PersonaDao - insert into Persona values(1, 1, 'Ithroeann', 'IO')
2016-07-12 19:26:49,603 main DEBUG dao.PersonaDao - insert into Persona values(2, 1, 'Cirronith', 'PS')
2016-07-12 19:26:49,616 main DEBUG dao.PersonaDao - insert into Persona values(3, 1, 'Deathstar', 'IO')
2016-07-12 19:26:49,623 main DEBUG dao.PersonaDao - insert into Persona values(4, 2, 'Mazzzap', 'AN')
2016-07-12 19:26:49,630 main DEBUG dao.PersonaDao - insert into Persona values(5, 2, 'Redstripe', 'PC')
2016-07-12 19:26:49,637 main DEBUG dao.PersonaDao - insert into Persona values(6, 3, 'Crayonbreath', 'PS')
2016-07-12 19:26:49,667 main DEBUG dao.PersonaDao - insert into Persona values(7, 4, 'Quinesia', 'XB')
2016-07-12 19:26:49,674 main DEBUG dao.PersonaDao - insert into Persona values(8, 4, 'VolcanoBrawler', 'PC')
2016-07-12 19:26:49,681 main DEBUG dao.PersonaDao - insert into Persona values(9, 5, 'CastleRock', 'XB')
2016-07-12 19:26:49,691 main DEBUG dao.PersonaDao - insert into Persona values(10, 5, 'TorpedoBear', 'PC')
2016-07-12 19:26:49,720 main DEBUG dao.PersonaDao - insert into Persona values(11, 5, 'GreenPanda', 'AN')
2016-07-12 19:26:49,721 main DEBUG data.DataManager - Loading 'personas.dat' file in database completed successfully
2016-07-12 19:26:49,775 main DEBUG dao.PlayerDao - insert into Player values(1, 'Fred', 'Fish', 'fredfish@gamer.net', '1977-03-22')
2016-07-12 19:26:49,785 main DEBUG dao.PlayerDao - insert into Player values(2, 'Laurie', 'Nash', 'laurieeenash@gmail.com', '1982-08-28')
2016-07-12 19:26:49,794 main DEBUG dao.PlayerDao - insert into Player values(3, 'Conrad', 'Washington', 'fredfish@gamer.net', '1972-07-12')
2016-07-12 19:26:49,806 main DEBUG dao.PlayerDao - insert into Player values(4, 'Jeanette', 'Price', 'priceizrite@hotmail.com', '2001-10-03')
2016-07-12 19:26:49,833 main DEBUG dao.PlayerDao - insert into Player values(5, 'Mark', 'Chan', 'mchan@oneminutemail.com', '1995-04-01')
2016-07-12 19:26:49,834 main DEBUG data.DataManager - Loading 'players.dat' file in database completed successfully
2016-07-12 19:26:49,841 main DEBUG dao.ScoreDao - insert into Score values(1, 11, 'NUPI', 'win')
2016-07-12 19:26:49,846 main DEBUG dao.ScoreDao - insert into Score values(2, 8, 'QUFI', 'lose')
2016-07-12 19:26:49,851 main DEBUG dao.ScoreDao - insert into Score values(3, 4, 'CODE', 'lose')
2016-07-12 19:26:49,856 main DEBUG dao.ScoreDao - insert into Score values(4, 5, 'QUFI', 'win')
2016-07-12 19:26:49,884 main DEBUG dao.ScoreDao - insert into Score values(5, 1, 'QUFI', 'lose')
2016-07-12 19:26:49,895 main DEBUG dao.ScoreDao - insert into Score values(6, 3, 'QUFI', 'win')
2016-07-12 19:26:49,909 main DEBUG dao.ScoreDao - insert into Score values(7, 7, 'CODE', 'win')
2016-07-12 19:26:49,918 main DEBUG dao.ScoreDao - insert into Score values(8, 2, 'CODE', 'win')
2016-07-12 19:26:49,942 main DEBUG dao.ScoreDao - insert into Score values(9, 4, 'NUPI', 'lose')
2016-07-12 19:26:49,948 main DEBUG dao.ScoreDao - insert into Score values(10, 10, 'NUPI', 'win')
2016-07-12 19:26:49,954 main DEBUG dao.ScoreDao - insert into Score values(11, 9, 'QUFI', 'lose')
2016-07-12 19:26:49,960 main DEBUG dao.ScoreDao - insert into Score values(12, 4, 'QUFI', 'win')
2016-07-12 19:26:49,997 main DEBUG dao.ScoreDao - insert into Score values(13, 5, 'CODE', 'lose')
2016-07-12 19:26:50,006 main DEBUG dao.ScoreDao - insert into Score values(14, 1, 'QUFI', 'win')
2016-07-12 19:26:50,011 main DEBUG dao.ScoreDao - insert into Score values(15, 6, 'QUFI', 'win')
2016-07-12 19:26:50,016 main DEBUG dao.ScoreDao - insert into Score values(16, 8, 'NUPI', 'lose')
2016-07-12 19:26:50,021 main DEBUG dao.ScoreDao - insert into Score values(17, 7, 'NUPI', 'win')
2016-07-12 19:26:50,034 main DEBUG dao.ScoreDao - insert into Score values(18, 5, 'NUPI', 'win')
2016-07-12 19:26:50,040 main DEBUG dao.ScoreDao - insert into Score values(19, 3, 'QUFI', 'win')
2016-07-12 19:26:50,045 main DEBUG dao.ScoreDao - insert into Score values(20, 2, 'CODE', 'win')
2016-07-12 19:26:50,050 main DEBUG dao.ScoreDao - insert into Score values(21, 5, 'CODE', 'win')
2016-07-12 19:26:50,055 main DEBUG dao.ScoreDao - insert into Score values(22, 8, 'NUPI', 'lose')
2016-07-12 19:26:50,060 main DEBUG dao.ScoreDao - insert into Score values(23, 11, 'NUPI', 'lose')
2016-07-12 19:26:50,079 main DEBUG dao.ScoreDao - insert into Score values(24, 8, 'CODE', 'lose')
2016-07-12 19:26:50,098 main DEBUG dao.ScoreDao - insert into Score values(25, 3, 'QUFI', 'lose')
2016-07-12 19:26:50,100 main DEBUG data.DataManager - Loading 'scores.dat' file in database completed successfully
2016-07-12 19:26:50,117 main DEBUG dao.PlayerScoreDao - insert into PlayerScore values(1, 5, 2, 7)
2016-07-12 19:26:50,126 main DEBUG dao.PlayerScoreDao - insert into PlayerScore values(2, 4, 3, 7)
2016-07-12 19:26:50,131 main DEBUG dao.PlayerScoreDao - insert into PlayerScore values(3, 1, 0, 1)
2016-07-12 19:26:50,135 main DEBUG dao.PlayerScoreDao - insert into PlayerScore values(4, 2, 4, 6)
2016-07-12 19:26:50,139 main DEBUG dao.PlayerScoreDao - insert into PlayerScore values(5, 2, 2, 4)
2016-07-12 19:26:50,140 main DEBUG data.DataManager - Loading PlayersScores collection in database completed successfully
2016-07-12 19:26:50,169 main DEBUG dao.PersonaScoreDao - insert into PersonaScore values('1QUFI', 1, 1, 1, 'Quick Fingers', 'Ithroeann', 'IO')
2016-07-12 19:26:50,193 main DEBUG dao.PersonaScoreDao - insert into PersonaScore values('8NUPI', 8, 0, 2, 'Number Picker', 'VolcanoBrawler', 'PC')
2016-07-12 19:26:50,207 main DEBUG dao.PersonaScoreDao - insert into PersonaScore values('7CODE', 7, 1, 0, 'Colour Demon', 'Quinesia', 'XB')
2016-07-12 19:26:50,217 main DEBUG dao.PersonaScoreDao - insert into PersonaScore values('6QUFI', 6, 1, 0, 'Quick Fingers', 'Crayonbreath', 'PS')
2016-07-12 19:26:50,226 main DEBUG dao.PersonaScoreDao - insert into PersonaScore values('8QUFI', 8, 0, 1, 'Quick Fingers', 'VolcanoBrawler', 'PC')
2016-07-12 19:26:50,232 main DEBUG dao.PersonaScoreDao - insert into PersonaScore values('5CODE', 5, 1, 1, 'Colour Demon', 'Redstripe', 'PC')
2016-07-12 19:26:50,238 main DEBUG dao.PersonaScoreDao - insert into PersonaScore values('9QUFI', 9, 0, 1, 'Quick Fingers', 'CastleRock', 'XB')
2016-07-12 19:26:50,249 main DEBUG dao.PersonaScoreDao - insert into PersonaScore values('5QUFI', 5, 1, 0, 'Quick Fingers', 'Redstripe', 'PC')
2016-07-12 19:26:50,254 main DEBUG dao.PersonaScoreDao - insert into PersonaScore values('3QUFI', 3, 2, 1, 'Quick Fingers', 'Deathstar', 'IO')
2016-07-12 19:26:50,282 main DEBUG dao.PersonaScoreDao - insert into PersonaScore values('8CODE', 8, 0, 1, 'Colour Demon', 'VolcanoBrawler', 'PC')
2016-07-12 19:26:50,291 main DEBUG dao.PersonaScoreDao - insert into PersonaScore values('11NUPI', 11, 1, 1, 'Number Picker', 'GreenPanda', 'AN')
2016-07-12 19:26:50,296 main DEBUG dao.PersonaScoreDao - insert into PersonaScore values('4NUPI', 4, 0, 1, 'Number Picker', 'Mazzzap', 'AN')
2016-07-12 19:26:50,302 main DEBUG dao.PersonaScoreDao - insert into PersonaScore values('10NUPI', 10, 1, 0, 'Number Picker', 'TorpedoBear', 'PC')
2016-07-12 19:26:50,308 main DEBUG dao.PersonaScoreDao - insert into PersonaScore values('4QUFI', 4, 1, 0, 'Quick Fingers', 'Mazzzap', 'AN')
2016-07-12 19:26:50,342 main DEBUG dao.PersonaScoreDao - insert into PersonaScore values('5NUPI', 5, 1, 0, 'Number Picker', 'Redstripe', 'PC')
2016-07-12 19:26:50,356 main DEBUG dao.PersonaScoreDao - insert into PersonaScore values('7NUPI', 7, 1, 0, 'Number Picker', 'Quinesia', 'XB')
2016-07-12 19:26:50,376 main DEBUG dao.PersonaScoreDao - insert into PersonaScore values('4CODE', 4, 0, 1, 'Colour Demon', 'Mazzzap', 'AN')
2016-07-12 19:26:50,389 main DEBUG dao.PersonaScoreDao - insert into PersonaScore values('2CODE', 2, 2, 0, 'Colour Demon', 'Cirronith', 'PS')
2016-07-12 19:26:50,389 main DEBUG data.DataManager - Loading PlayersScores collection in database completed successfully
2016-07-12 19:26:50,399 main DEBUG dao.GameCountsDao - insert into GameCountsDao values('Number Picker', 8)
2016-07-12 19:26:50,440 main DEBUG dao.GameCountsDao - insert into GameCountsDao values('Quick Fingers', 10)
2016-07-12 19:26:50,446 main DEBUG dao.GameCountsDao - insert into GameCountsDao values('Colour Demon', 7)
2016-07-12 19:26:50,447 main DEBUG data.DataManager - Loading GamertagResults collection in database completed successfully
2016-07-12 19:26:50,447 main INFO  a00977249.Gis - 2016-07-13T02:26:50.447Z
2016-07-12 19:27:10,766 AWT-EventQueue-0 DEBUG database.Database - Driver loaded
2016-07-12 19:27:10,772 AWT-EventQueue-0 DEBUG database.Database - Database connected
2016-07-12 19:27:10,773 AWT-EventQueue-0 DEBUG dao.PersonaDao - SELECT * FROM Persona
2016-07-12 19:27:14,760 AWT-EventQueue-0 DEBUG dao.PersonaDao - SELECT * FROM Persona
2016-07-12 19:29:05,034 main INFO  a00977249.Gis - 2016-07-13T02:29:05.029Z
2016-07-12 19:29:05,131 main DEBUG database.Database - Loading database properties from db.properties
2016-07-12 19:29:05,132 main DEBUG database.Database - org.apache.derby.jdbc.EmbeddedDriver
2016-07-12 19:29:05,691 main INFO  a00977249.Gis - UI created
2016-07-12 19:29:06,269 main DEBUG database.Database - Driver loaded
2016-07-12 19:29:06,870 main DEBUG database.Database - Database connected
2016-07-12 19:29:06,877 main DEBUG data.DataManager - Files accessed
2016-07-12 19:29:06,878 main DEBUG a00977249.Gis - GameReader
2016-07-12 19:29:06,879 main DEBUG a00977249.Gis - /Users/SIA/Documents/workspace/A00977249Assignment2/games.dat
2016-07-12 19:29:06,883 main DEBUG a00977249.Gis - games.dat file content interpreted
2016-07-12 19:29:06,884 main DEBUG a00977249.Gis - PersonaReader
2016-07-12 19:29:06,884 main DEBUG a00977249.Gis - /Users/SIA/Documents/workspace/A00977249Assignment2/personas.dat
2016-07-12 19:29:06,886 main DEBUG a00977249.Gis - personas.dat file content interpreted
2016-07-12 19:29:06,886 main DEBUG a00977249.Gis - PlayerReader
2016-07-12 19:29:06,886 main DEBUG a00977249.Gis - /Users/SIA/Documents/workspace/A00977249Assignment2/players.dat
2016-07-12 19:29:06,890 main DEBUG a00977249.Gis - players.dat file content interpreted
2016-07-12 19:29:06,890 main DEBUG a00977249.Gis - ScoreReader
2016-07-12 19:29:06,890 main DEBUG a00977249.Gis - /Users/SIA/Documents/workspace/A00977249Assignment2/scores.dat
2016-07-12 19:29:06,900 main DEBUG a00977249.Gis - scores.dat file content interpreted
2016-07-12 19:29:06,901 main DEBUG a00977249.Gis - PlayerReportReader
2016-07-12 19:29:06,902 main DEBUG a00977249.Gis - LeaderBoardReportReader
2016-07-12 19:29:07,295 main DEBUG data.DataManager - Game table already exists in the database
2016-07-12 19:29:07,315 main DEBUG data.DataManager - Persona table already exists in the database
2016-07-12 19:29:07,334 main DEBUG data.DataManager - Player table already exists in the database
2016-07-12 19:29:07,347 main DEBUG data.DataManager - Score table already exists in the database
2016-07-12 19:29:07,387 main DEBUG data.DataManager - PlayerScore table already exists in the database
2016-07-12 19:29:07,408 main DEBUG data.DataManager - PersonaScore table already exists in the database
2016-07-12 19:29:07,418 main DEBUG data.DataManager - GameCountsDao table already exists in the database
2016-07-12 19:29:07,706 main FATAL data.DataManager - java.sql.SQLIntegrityConstraintViolationException: The statement was aborted because it would have caused a duplicate key value in a unique or primary key constraint or unique index identified by 'SQL160712192648710' defined on 'GAME'.
2016-07-12 19:29:07,723 main FATAL data.DataManager - java.sql.SQLIntegrityConstraintViolationException: The statement was aborted because it would have caused a duplicate key value in a unique or primary key constraint or unique index identified by 'SQL160712192648920' defined on 'PERSONA'.
2016-07-12 19:29:07,740 main FATAL data.DataManager - java.sql.SQLIntegrityConstraintViolationException: The statement was aborted because it would have caused a duplicate key value in a unique or primary key constraint or unique index identified by 'SQL160712192649010' defined on 'PLAYER'.
2016-07-12 19:29:07,755 main FATAL data.DataManager - java.sql.SQLIntegrityConstraintViolationException: The statement was aborted because it would have caused a duplicate key value in a unique or primary key constraint or unique index identified by 'SQL160712192649100' defined on 'SCORE'.
2016-07-12 19:29:07,769 main FATAL data.DataManager - java.sql.SQLIntegrityConstraintViolationException: The statement was aborted because it would have caused a duplicate key value in a unique or primary key constraint or unique index identified by 'SQL160712192649160' defined on 'PLAYERSCORE'.
2016-07-12 19:29:07,802 main FATAL data.DataManager - java.sql.SQLIntegrityConstraintViolationException: The statement was aborted because it would have caused a duplicate key value in a unique or primary key constraint or unique index identified by 'SQL160712192649210' defined on 'PERSONASCORE'.
2016-07-12 19:29:07,816 main FATAL data.DataManager - java.sql.SQLIntegrityConstraintViolationException: The statement was aborted because it would have caused a duplicate key value in a unique or primary key constraint or unique index identified by 'SQL160712192649280' defined on 'GAMECOUNTSDAO'.
2016-07-12 19:29:07,817 main INFO  a00977249.Gis - 2016-07-13T02:29:07.817Z
2016-07-12 19:29:14,279 AWT-EventQueue-0 DEBUG database.Database - Driver loaded
2016-07-12 19:29:14,283 AWT-EventQueue-0 DEBUG database.Database - Database connected
2016-07-12 19:29:14,284 AWT-EventQueue-0 DEBUG dao.PersonaDao - SELECT * FROM Persona
2016-07-12 19:35:30,639 main INFO  a00977249.Gis - 2016-07-13T02:35:30.633Z
2016-07-12 19:35:30,756 main DEBUG database.Database - Loading database properties from db.properties
2016-07-12 19:35:30,757 main DEBUG database.Database - org.apache.derby.jdbc.EmbeddedDriver
2016-07-12 19:35:31,362 main INFO  a00977249.Gis - UI created
2016-07-12 19:35:31,850 main DEBUG database.Database - Driver loaded
2016-07-12 19:35:32,376 main DEBUG database.Database - Database connected
2016-07-12 19:35:32,383 main DEBUG data.DataManager - Files accessed
2016-07-12 19:35:32,385 main DEBUG a00977249.Gis - GameReader
2016-07-12 19:35:32,385 main DEBUG a00977249.Gis - /Users/SIA/Documents/workspace/A00977249Assignment2/games.dat
2016-07-12 19:35:32,397 main DEBUG a00977249.Gis - games.dat file content interpreted
2016-07-12 19:35:32,398 main DEBUG a00977249.Gis - PersonaReader
2016-07-12 19:35:32,398 main DEBUG a00977249.Gis - /Users/SIA/Documents/workspace/A00977249Assignment2/personas.dat
2016-07-12 19:35:32,400 main DEBUG a00977249.Gis - personas.dat file content interpreted
2016-07-12 19:35:32,400 main DEBUG a00977249.Gis - PlayerReader
2016-07-12 19:35:32,401 main DEBUG a00977249.Gis - /Users/SIA/Documents/workspace/A00977249Assignment2/players.dat
2016-07-12 19:35:32,405 main DEBUG a00977249.Gis - players.dat file content interpreted
2016-07-12 19:35:32,405 main DEBUG a00977249.Gis - ScoreReader
2016-07-12 19:35:32,405 main DEBUG a00977249.Gis - /Users/SIA/Documents/workspace/A00977249Assignment2/scores.dat
2016-07-12 19:35:32,409 main DEBUG a00977249.Gis - scores.dat file content interpreted
2016-07-12 19:35:32,409 main DEBUG a00977249.Gis - PlayerReportReader
2016-07-12 19:35:32,410 main DEBUG a00977249.Gis - LeaderBoardReportReader
2016-07-12 19:35:32,799 main DEBUG data.DataManager - Game table already exists in the database
2016-07-12 19:35:32,818 main DEBUG data.DataManager - Persona table already exists in the database
2016-07-12 19:35:32,833 main DEBUG data.DataManager - Player table already exists in the database
2016-07-12 19:35:32,848 main DEBUG data.DataManager - Score table already exists in the database
2016-07-12 19:35:32,881 main DEBUG data.DataManager - PlayerScore table already exists in the database
2016-07-12 19:35:32,908 main DEBUG data.DataManager - PersonaScore table already exists in the database
2016-07-12 19:35:32,933 main DEBUG data.DataManager - GameCountsDao table already exists in the database
2016-07-12 19:35:33,208 main FATAL data.DataManager - java.sql.SQLIntegrityConstraintViolationException: The statement was aborted because it would have caused a duplicate key value in a unique or primary key constraint or unique index identified by 'SQL160712192648710' defined on 'GAME'.
2016-07-12 19:35:33,232 main FATAL data.DataManager - java.sql.SQLIntegrityConstraintViolationException: The statement was aborted because it would have caused a duplicate key value in a unique or primary key constraint or unique index identified by 'SQL160712192648920' defined on 'PERSONA'.
2016-07-12 19:35:33,295 main FATAL data.DataManager - java.sql.SQLIntegrityConstraintViolationException: The statement was aborted because it would have caused a duplicate key value in a unique or primary key constraint or unique index identified by 'SQL160712192649010' defined on 'PLAYER'.
2016-07-12 19:35:33,344 main FATAL data.DataManager - java.sql.SQLIntegrityConstraintViolationException: The statement was aborted because it would have caused a duplicate key value in a unique or primary key constraint or unique index identified by 'SQL160712192649100' defined on 'SCORE'.
2016-07-12 19:35:33,361 main FATAL data.DataManager - java.sql.SQLIntegrityConstraintViolationException: The statement was aborted because it would have caused a duplicate key value in a unique or primary key constraint or unique index identified by 'SQL160712192649160' defined on 'PLAYERSCORE'.
2016-07-12 19:35:33,405 main FATAL data.DataManager - java.sql.SQLIntegrityConstraintViolationException: The statement was aborted because it would have caused a duplicate key value in a unique or primary key constraint or unique index identified by 'SQL160712192649210' defined on 'PERSONASCORE'.
2016-07-12 19:35:33,441 main FATAL data.DataManager - java.sql.SQLIntegrityConstraintViolationException: The statement was aborted because it would have caused a duplicate key value in a unique or primary key constraint or unique index identified by 'SQL160712192649280' defined on 'GAMECOUNTSDAO'.
2016-07-12 19:35:33,441 main INFO  a00977249.Gis - 2016-07-13T02:35:33.441Z
2016-07-12 19:35:39,620 AWT-EventQueue-0 DEBUG database.Database - Driver loaded
2016-07-12 19:35:39,622 AWT-EventQueue-0 DEBUG database.Database - Database connected
2016-07-12 19:35:39,623 AWT-EventQueue-0 DEBUG dao.PersonaDao - SELECT * FROM Persona
2016-07-12 19:36:03,191 AWT-EventQueue-0 DEBUG dao.PersonaDao - SELECT * FROM Persona
2016-07-12 19:36:12,370 AWT-EventQueue-0 DEBUG dao.PersonaDao - SELECT * FROM Persona
2016-07-12 19:36:14,126 AWT-EventQueue-0 DEBUG dao.PersonaDao - SELECT * FROM Persona
2016-07-17 13:25:34,242 main INFO  a00977249.Gis - 2016-07-17T20:25:34.236Z
2016-07-17 13:25:34,454 main DEBUG database.Database - Loading database properties from db.properties
2016-07-17 13:25:34,455 main DEBUG database.Database - org.apache.derby.jdbc.EmbeddedDriver
2016-07-17 13:25:35,938 main INFO  a00977249.Gis - UI created
2016-07-17 13:25:36,439 main DEBUG database.Database - Driver loaded
2016-07-17 13:25:37,199 main DEBUG database.Database - Database connected
2016-07-17 13:25:37,274 main DEBUG data.DataManager - Files accessed
2016-07-17 13:25:37,276 main DEBUG a00977249.Gis - GameReader
2016-07-17 13:25:37,290 main DEBUG a00977249.Gis - /Users/SIA/Documents/workspace/A00977249Assignment2/games.dat
2016-07-17 13:25:37,322 main DEBUG a00977249.Gis - games.dat file content interpreted
2016-07-17 13:25:37,323 main DEBUG a00977249.Gis - PersonaReader
2016-07-17 13:25:37,338 main DEBUG a00977249.Gis - /Users/SIA/Documents/workspace/A00977249Assignment2/personas.dat
2016-07-17 13:25:37,344 main DEBUG a00977249.Gis - personas.dat file content interpreted
2016-07-17 13:25:37,344 main DEBUG a00977249.Gis - PlayerReader
2016-07-17 13:25:37,345 main DEBUG a00977249.Gis - /Users/SIA/Documents/workspace/A00977249Assignment2/players.dat
2016-07-17 13:25:37,375 main DEBUG a00977249.Gis - players.dat file content interpreted
2016-07-17 13:25:37,375 main DEBUG a00977249.Gis - ScoreReader
2016-07-17 13:25:37,375 main DEBUG a00977249.Gis - /Users/SIA/Documents/workspace/A00977249Assignment2/scores.dat
2016-07-17 13:25:37,389 main DEBUG a00977249.Gis - scores.dat file content interpreted
2016-07-17 13:25:37,390 main DEBUG a00977249.Gis - PlayerReportReader
2016-07-17 13:25:37,390 main DEBUG a00977249.Gis - LeaderBoardReportReader
2016-07-17 13:25:37,794 main DEBUG data.DataManager - Game table already exists in the database
2016-07-17 13:25:37,822 main DEBUG data.DataManager - Persona table already exists in the database
2016-07-17 13:25:37,844 main DEBUG data.DataManager - Player table already exists in the database
2016-07-17 13:25:37,886 main DEBUG data.DataManager - Score table already exists in the database
2016-07-17 13:25:37,918 main DEBUG data.DataManager - PlayerScore table already exists in the database
2016-07-17 13:25:37,952 main DEBUG data.DataManager - PersonaScore table already exists in the database
2016-07-17 13:25:37,987 main DEBUG data.DataManager - GameCountsDao table already exists in the database
2016-07-17 13:25:38,328 main FATAL data.DataManager - java.sql.SQLIntegrityConstraintViolationException: The statement was aborted because it would have caused a duplicate key value in a unique or primary key constraint or unique index identified by 'SQL160712192648710' defined on 'GAME'.
2016-07-17 13:25:38,398 main FATAL data.DataManager - java.sql.SQLIntegrityConstraintViolationException: The statement was aborted because it would have caused a duplicate key value in a unique or primary key constraint or unique index identified by 'SQL160712192648920' defined on 'PERSONA'.
2016-07-17 13:25:38,462 main FATAL data.DataManager - java.sql.SQLIntegrityConstraintViolationException: The statement was aborted because it would have caused a duplicate key value in a unique or primary key constraint or unique index identified by 'SQL160712192649010' defined on 'PLAYER'.
2016-07-17 13:25:38,516 main FATAL data.DataManager - java.sql.SQLIntegrityConstraintViolationException: The statement was aborted because it would have caused a duplicate key value in a unique or primary key constraint or unique index identified by 'SQL160712192649100' defined on 'SCORE'.
2016-07-17 13:25:38,544 main FATAL data.DataManager - java.sql.SQLIntegrityConstraintViolationException: The statement was aborted because it would have caused a duplicate key value in a unique or primary key constraint or unique index identified by 'SQL160712192649160' defined on 'PLAYERSCORE'.
2016-07-17 13:25:38,571 main FATAL data.DataManager - java.sql.SQLIntegrityConstraintViolationException: The statement was aborted because it would have caused a duplicate key value in a unique or primary key constraint or unique index identified by 'SQL160712192649210' defined on 'PERSONASCORE'.
2016-07-17 13:25:38,625 main FATAL data.DataManager - java.sql.SQLIntegrityConstraintViolationException: The statement was aborted because it would have caused a duplicate key value in a unique or primary key constraint or unique index identified by 'SQL160712192649280' defined on 'GAMECOUNTSDAO'.
2016-07-17 13:25:38,626 main INFO  a00977249.Gis - 2016-07-17T20:25:38.626Z
2016-08-28 15:13:00,295 main INFO  a00977249.Gis - 2016-08-28T22:13:00.285Z
2016-08-28 15:13:00,462 main DEBUG database.Database - Loading database properties from db.properties
2016-08-28 15:13:00,463 main DEBUG database.Database - org.apache.derby.jdbc.EmbeddedDriver
2016-08-28 15:13:01,077 main INFO  a00977249.Gis - UI created
2016-08-28 15:13:02,065 main DEBUG database.Database - Driver loaded
2016-08-28 15:13:03,035 main DEBUG database.Database - Database connected
2016-08-28 15:13:03,107 main DEBUG data.DataManager - Files accessed
2016-08-28 15:13:03,109 main DEBUG a00977249.Gis - GameReader
2016-08-28 15:13:03,111 main DEBUG a00977249.Gis - /Users/SIA/Documents/workspace/A00977249Assignment2/games.dat
2016-08-28 15:13:03,167 main DEBUG a00977249.Gis - games.dat file content interpreted
2016-08-28 15:13:03,170 main DEBUG a00977249.Gis - PersonaReader
2016-08-28 15:13:03,170 main DEBUG a00977249.Gis - /Users/SIA/Documents/workspace/A00977249Assignment2/personas.dat
2016-08-28 15:13:03,173 main DEBUG a00977249.Gis - personas.dat file content interpreted
2016-08-28 15:13:03,173 main DEBUG a00977249.Gis - PlayerReader
2016-08-28 15:13:03,174 main DEBUG a00977249.Gis - /Users/SIA/Documents/workspace/A00977249Assignment2/players.dat
2016-08-28 15:13:03,185 main DEBUG a00977249.Gis - players.dat file content interpreted
2016-08-28 15:13:03,185 main DEBUG a00977249.Gis - ScoreReader
2016-08-28 15:13:03,185 main DEBUG a00977249.Gis - /Users/SIA/Documents/workspace/A00977249Assignment2/scores.dat
2016-08-28 15:13:03,197 main DEBUG a00977249.Gis - scores.dat file content interpreted
2016-08-28 15:13:03,198 main DEBUG a00977249.Gis - PlayerReportReader
2016-08-28 15:13:03,200 main DEBUG a00977249.Gis - LeaderBoardReportReader
2016-08-28 15:13:03,894 main DEBUG data.DataManager - Game table already exists in the database
2016-08-28 15:13:03,921 main DEBUG data.DataManager - Persona table already exists in the database
2016-08-28 15:13:03,940 main DEBUG data.DataManager - Player table already exists in the database
2016-08-28 15:13:03,964 main DEBUG data.DataManager - Score table already exists in the database
2016-08-28 15:13:03,983 main DEBUG data.DataManager - PlayerScore table already exists in the database
2016-08-28 15:13:04,026 main DEBUG data.DataManager - PersonaScore table already exists in the database
2016-08-28 15:13:04,080 main DEBUG data.DataManager - GameCountsDao table already exists in the database
2016-08-28 15:13:04,458 main FATAL data.DataManager - java.sql.SQLIntegrityConstraintViolationException: The statement was aborted because it would have caused a duplicate key value in a unique or primary key constraint or unique index identified by 'SQL160712192648710' defined on 'GAME'.
2016-08-28 15:13:04,482 main FATAL data.DataManager - java.sql.SQLIntegrityConstraintViolationException: The statement was aborted because it would have caused a duplicate key value in a unique or primary key constraint or unique index identified by 'SQL160712192648920' defined on 'PERSONA'.
2016-08-28 15:13:04,511 main FATAL data.DataManager - java.sql.SQLIntegrityConstraintViolationException: The statement was aborted because it would have caused a duplicate key value in a unique or primary key constraint or unique index identified by 'SQL160712192649010' defined on 'PLAYER'.
2016-08-28 15:13:04,550 main FATAL data.DataManager - java.sql.SQLIntegrityConstraintViolationException: The statement was aborted because it would have caused a duplicate key value in a unique or primary key constraint or unique index identified by 'SQL160712192649100' defined on 'SCORE'.
2016-08-28 15:13:04,567 main FATAL data.DataManager - java.sql.SQLIntegrityConstraintViolationException: The statement was aborted because it would have caused a duplicate key value in a unique or primary key constraint or unique index identified by 'SQL160712192649160' defined on 'PLAYERSCORE'.
2016-08-28 15:13:04,594 main FATAL data.DataManager - java.sql.SQLIntegrityConstraintViolationException: The statement was aborted because it would have caused a duplicate key value in a unique or primary key constraint or unique index identified by 'SQL160712192649210' defined on 'PERSONASCORE'.
2016-08-28 15:13:04,631 main FATAL data.DataManager - java.sql.SQLIntegrityConstraintViolationException: The statement was aborted because it would have caused a duplicate key value in a unique or primary key constraint or unique index identified by 'SQL160712192649280' defined on 'GAMECOUNTSDAO'.
2016-08-28 15:13:04,632 main INFO  a00977249.Gis - 2016-08-28T22:13:04.632Z
2016-08-28 15:13:12,729 AWT-EventQueue-0 DEBUG database.Database - Driver loaded
2016-08-28 15:13:12,731 AWT-EventQueue-0 DEBUG database.Database - Database connected
2016-08-28 15:13:12,731 AWT-EventQueue-0 DEBUG dao.PersonaDao - SELECT * FROM Persona
2016-08-28 15:13:16,827 AWT-EventQueue-0 DEBUG dao.PersonaDao - SELECT * FROM Persona
2016-08-28 15:13:18,752 AWT-EventQueue-0 DEBUG dao.PersonaDao - SELECT * FROM Persona
2016-08-28 15:16:58,065 main INFO  a00977249.Gis - 2016-08-28T22:16:58.058Z
2016-08-28 15:16:58,181 main DEBUG database.Database - Loading database properties from db.properties
2016-08-28 15:16:58,181 main DEBUG database.Database - org.apache.derby.jdbc.EmbeddedDriver
2016-08-28 15:16:58,843 main INFO  a00977249.Gis - UI created
2016-08-28 15:16:59,342 main DEBUG database.Database - Driver loaded
2016-08-28 15:16:59,479 main ERROR a00977249.Gis - null
2016-08-28 15:16:59,479 main INFO  a00977249.Gis - 2016-08-28T22:16:59.479Z
2016-08-28 15:20:30,322 main INFO  a00977249.Gis - 2016-08-28T22:20:30.315Z
2016-08-28 15:20:30,435 main DEBUG database.Database - Loading database properties from db.properties
2016-08-28 15:20:30,435 main DEBUG database.Database - org.apache.derby.jdbc.EmbeddedDriver
2016-08-28 15:20:31,093 main INFO  a00977249.Gis - UI created
2016-08-28 15:20:31,562 main DEBUG database.Database - Driver loaded
2016-08-28 15:20:31,965 main DEBUG database.Database - Database connected
2016-08-28 15:20:31,976 main DEBUG data.DataManager - Files accessed
2016-08-28 15:20:31,977 main DEBUG a00977249.Gis - GameReader
2016-08-28 15:20:31,978 main DEBUG a00977249.Gis - /Users/SIA/Documents/workspace/A00977249Assignment2/games.dat
2016-08-28 15:20:31,991 main DEBUG a00977249.Gis - games.dat file content interpreted
2016-08-28 15:20:31,994 main DEBUG a00977249.Gis - PersonaReader
2016-08-28 15:20:31,995 main DEBUG a00977249.Gis - /Users/SIA/Documents/workspace/A00977249Assignment2/personas.dat
2016-08-28 15:20:31,997 main DEBUG a00977249.Gis - personas.dat file content interpreted
2016-08-28 15:20:31,997 main DEBUG a00977249.Gis - PlayerReader
2016-08-28 15:20:31,997 main DEBUG a00977249.Gis - /Users/SIA/Documents/workspace/A00977249Assignment2/players.dat
2016-08-28 15:20:32,002 main DEBUG a00977249.Gis - players.dat file content interpreted
2016-08-28 15:20:32,003 main DEBUG a00977249.Gis - ScoreReader
2016-08-28 15:20:32,003 main DEBUG a00977249.Gis - /Users/SIA/Documents/workspace/A00977249Assignment2/scores.dat
2016-08-28 15:20:32,005 main DEBUG a00977249.Gis - scores.dat file content interpreted
2016-08-28 15:20:32,005 main DEBUG a00977249.Gis - PlayerReportReader
2016-08-28 15:20:32,006 main DEBUG a00977249.Gis - LeaderBoardReportReader
2016-08-28 15:20:32,461 main DEBUG data.DataManager - Game table already exists in the database
2016-08-28 15:20:32,480 main DEBUG data.DataManager - Persona table already exists in the database
2016-08-28 15:20:32,497 main DEBUG data.DataManager - Player table already exists in the database
2016-08-28 15:20:32,511 main DEBUG data.DataManager - Score table already exists in the database
2016-08-28 15:20:32,555 main DEBUG data.DataManager - PlayerScore table already exists in the database
2016-08-28 15:20:32,576 main DEBUG data.DataManager - PersonaScore table already exists in the database
2016-08-28 15:20:32,600 main DEBUG data.DataManager - GameCountsDao table already exists in the database
2016-08-28 15:20:32,996 main FATAL data.DataManager - java.sql.SQLIntegrityConstraintViolationException: The statement was aborted because it would have caused a duplicate key value in a unique or primary key constraint or unique index identified by 'SQL160712192648710' defined on 'GAME'.
2016-08-28 15:20:33,017 main FATAL data.DataManager - java.sql.SQLIntegrityConstraintViolationException: The statement was aborted because it would have caused a duplicate key value in a unique or primary key constraint or unique index identified by 'SQL160712192648920' defined on 'PERSONA'.
2016-08-28 15:20:33,037 main FATAL data.DataManager - java.sql.SQLIntegrityConstraintViolationException: The statement was aborted because it would have caused a duplicate key value in a unique or primary key constraint or unique index identified by 'SQL160712192649010' defined on 'PLAYER'.
2016-08-28 15:20:33,055 main FATAL data.DataManager - java.sql.SQLIntegrityConstraintViolationException: The statement was aborted because it would have caused a duplicate key value in a unique or primary key constraint or unique index identified by 'SQL160712192649100' defined on 'SCORE'.
2016-08-28 15:20:33,102 main FATAL data.DataManager - java.sql.SQLIntegrityConstraintViolationException: The statement was aborted because it would have caused a duplicate key value in a unique or primary key constraint or unique index identified by 'SQL160712192649160' defined on 'PLAYERSCORE'.
2016-08-28 15:20:33,133 main FATAL data.DataManager - java.sql.SQLIntegrityConstraintViolationException: The statement was aborted because it would have caused a duplicate key value in a unique or primary key constraint or unique index identified by 'SQL160712192649210' defined on 'PERSONASCORE'.
2016-08-28 15:20:33,187 main FATAL data.DataManager - java.sql.SQLIntegrityConstraintViolationException: The statement was aborted because it would have caused a duplicate key value in a unique or primary key constraint or unique index identified by 'SQL160712192649280' defined on 'GAMECOUNTSDAO'.
2016-08-28 15:20:33,199 main INFO  a00977249.Gis - 2016-08-28T22:20:33.199Z
2016-08-28 15:20:38,680 AWT-EventQueue-0 DEBUG database.Database - Driver loaded
2016-08-28 15:20:38,682 AWT-EventQueue-0 DEBUG database.Database - Database connected
2016-08-28 15:20:38,682 AWT-EventQueue-0 DEBUG dao.PersonaDao - SELECT * FROM Persona
2016-08-28 15:20:40,656 AWT-EventQueue-0 DEBUG dao.PersonaDao - SELECT * FROM Persona
2016-08-28 15:20:41,892 AWT-EventQueue-0 DEBUG dao.PersonaDao - SELECT * FROM Persona
2016-08-28 15:20:42,960 AWT-EventQueue-0 DEBUG dao.PersonaDao - SELECT * FROM Persona
2016-08-28 15:20:44,184 AWT-EventQueue-0 DEBUG dao.PersonaDao - SELECT * FROM Persona
2016-08-28 15:20:45,740 AWT-EventQueue-0 DEBUG dao.PersonaDao - SELECT * FROM Persona
2016-08-28 15:20:47,746 AWT-EventQueue-0 DEBUG dao.PersonaDao - SELECT * FROM Persona
2016-08-30 12:31:13,856 main INFO  a00977249.Gis - 2016-08-30T19:31:13.848Z
2016-08-30 12:31:14,050 main DEBUG database.Database - Loading database properties from db.properties
2016-08-30 12:31:14,051 main DEBUG database.Database - org.apache.derby.jdbc.EmbeddedDriver
2016-08-30 12:31:15,338 main INFO  a00977249.Gis - UI created
2016-08-30 12:31:15,809 main DEBUG database.Database - Driver loaded
2016-08-30 12:31:16,360 main DEBUG database.Database - Database connected
2016-08-30 12:31:16,427 main DEBUG data.DataManager - Files accessed
2016-08-30 12:31:16,429 main DEBUG a00977249.Gis - GameReader
2016-08-30 12:31:16,429 main DEBUG a00977249.Gis - /Users/SIA/Documents/workspace/A00977249Assignment2/games.dat
2016-08-30 12:31:16,435 main DEBUG a00977249.Gis - games.dat file content interpreted
2016-08-30 12:31:16,435 main DEBUG a00977249.Gis - PersonaReader
2016-08-30 12:31:16,435 main DEBUG a00977249.Gis - /Users/SIA/Documents/workspace/A00977249Assignment2/personas.dat
2016-08-30 12:31:16,437 main DEBUG a00977249.Gis - personas.dat file content interpreted
2016-08-30 12:31:16,438 main DEBUG a00977249.Gis - PlayerReader
2016-08-30 12:31:16,438 main DEBUG a00977249.Gis - /Users/SIA/Documents/workspace/A00977249Assignment2/players.dat
2016-08-30 12:31:16,446 main DEBUG a00977249.Gis - players.dat file content interpreted
2016-08-30 12:31:16,446 main DEBUG a00977249.Gis - ScoreReader
2016-08-30 12:31:16,447 main DEBUG a00977249.Gis - /Users/SIA/Documents/workspace/A00977249Assignment2/scores.dat
2016-08-30 12:31:16,449 main DEBUG a00977249.Gis - scores.dat file content interpreted
2016-08-30 12:31:16,449 main DEBUG a00977249.Gis - PlayerReportReader
2016-08-30 12:31:16,450 main DEBUG a00977249.Gis - LeaderBoardReportReader
2016-08-30 12:31:16,832 main DEBUG data.DataManager - Game table already exists in the database
2016-08-30 12:31:16,860 main DEBUG data.DataManager - Persona table already exists in the database
2016-08-30 12:31:16,874 main DEBUG data.DataManager - Player table already exists in the database
2016-08-30 12:31:16,940 main DEBUG data.DataManager - Score table already exists in the database
2016-08-30 12:31:17,033 main DEBUG data.DataManager - PlayerScore table already exists in the database
2016-08-30 12:31:17,045 main DEBUG data.DataManager - PersonaScore table already exists in the database
2016-08-30 12:31:17,080 main DEBUG data.DataManager - GameCountsDao table already exists in the database
2016-08-30 12:31:17,423 main FATAL data.DataManager - java.sql.SQLIntegrityConstraintViolationException: The statement was aborted because it would have caused a duplicate key value in a unique or primary key constraint or unique index identified by 'SQL160712192648710' defined on 'GAME'.
2016-08-30 12:31:17,448 main FATAL data.DataManager - java.sql.SQLIntegrityConstraintViolationException: The statement was aborted because it would have caused a duplicate key value in a unique or primary key constraint or unique index identified by 'SQL160712192648920' defined on 'PERSONA'.
2016-08-30 12:31:17,479 main FATAL data.DataManager - java.sql.SQLIntegrityConstraintViolationException: The statement was aborted because it would have caused a duplicate key value in a unique or primary key constraint or unique index identified by 'SQL160712192649010' defined on 'PLAYER'.
2016-08-30 12:31:17,517 main FATAL data.DataManager - java.sql.SQLIntegrityConstraintViolationException: The statement was aborted because it would have caused a duplicate key value in a unique or primary key constraint or unique index identified by 'SQL160712192649100' defined on 'SCORE'.
2016-08-30 12:31:17,575 main FATAL data.DataManager - java.sql.SQLIntegrityConstraintViolationException: The statement was aborted because it would have caused a duplicate key value in a unique or primary key constraint or unique index identified by 'SQL160712192649160' defined on 'PLAYERSCORE'.
2016-08-30 12:31:17,593 main FATAL data.DataManager - java.sql.SQLIntegrityConstraintViolationException: The statement was aborted because it would have caused a duplicate key value in a unique or primary key constraint or unique index identified by 'SQL160712192649210' defined on 'PERSONASCORE'.
2016-08-30 12:31:17,606 main FATAL data.DataManager - java.sql.SQLIntegrityConstraintViolationException: The statement was aborted because it would have caused a duplicate key value in a unique or primary key constraint or unique index identified by 'SQL160712192649280' defined on 'GAMECOUNTSDAO'.
2016-08-30 12:31:17,607 main INFO  a00977249.Gis - 2016-08-30T19:31:17.607Z
2016-08-30 12:40:52,233 main INFO  a00977249.Gis - 2016-08-30T19:40:52.215Z
2016-08-30 12:40:52,449 main DEBUG database.Database - Loading database properties from db.properties
2016-08-30 12:40:52,450 main DEBUG database.Database - org.apache.derby.jdbc.EmbeddedDriver
2016-08-30 12:40:53,258 main INFO  a00977249.Gis - UI created
2016-08-30 12:41:02,384 main DEBUG database.Database - Driver loaded
2016-08-30 12:41:13,373 main DEBUG database.Database - Database connected
2016-08-30 12:41:13,549 main DEBUG data.DataManager - Files accessed
2016-08-30 12:41:13,611 main DEBUG a00977249.Gis - GameReader
2016-08-30 12:41:13,640 main DEBUG a00977249.Gis - /Users/SIA/Documents/workspace/A00977249Assignment2/games.dat
2016-08-30 12:41:13,802 main DEBUG a00977249.Gis - games.dat file content interpreted
2016-08-30 12:41:13,807 main DEBUG a00977249.Gis - PersonaReader
2016-08-30 12:41:13,812 main DEBUG a00977249.Gis - /Users/SIA/Documents/workspace/A00977249Assignment2/personas.dat
2016-08-30 12:41:13,892 main DEBUG a00977249.Gis - personas.dat file content interpreted
2016-08-30 12:41:13,898 main DEBUG a00977249.Gis - PlayerReader
2016-08-30 12:41:13,905 main DEBUG a00977249.Gis - /Users/SIA/Documents/workspace/A00977249Assignment2/players.dat
2016-08-30 12:41:14,084 main DEBUG a00977249.Gis - players.dat file content interpreted
2016-08-30 12:41:14,096 main DEBUG a00977249.Gis - ScoreReader
2016-08-30 12:41:14,110 main DEBUG a00977249.Gis - /Users/SIA/Documents/workspace/A00977249Assignment2/scores.dat
2016-08-30 12:41:14,380 main DEBUG a00977249.Gis - scores.dat file content interpreted
2016-08-30 21:03:45,077 main INFO  a00977249.Gis - 2016-08-31T04:03:45.070Z
2016-08-30 21:03:45,243 main DEBUG database.Database - Loading database properties from db.properties
2016-08-30 21:03:45,243 main DEBUG database.Database - org.apache.derby.jdbc.EmbeddedDriver
2016-08-30 21:03:47,706 main INFO  a00977249.Gis - UI created
2016-08-30 21:03:48,206 main DEBUG database.Database - Driver loaded
2016-08-30 21:03:48,755 main DEBUG database.Database - Database connected
2016-08-30 21:03:48,791 main DEBUG data.DataManager - Files accessed
2016-08-30 21:03:48,792 main DEBUG a00977249.Gis - GameReader
2016-08-30 21:03:48,794 main DEBUG a00977249.Gis - /Users/SIA/Documents/workspace/A00977249Assignment2/games.dat
2016-08-30 21:03:48,806 main DEBUG a00977249.Gis - games.dat file content interpreted
2016-08-30 21:03:48,806 main DEBUG a00977249.Gis - PersonaReader
2016-08-30 21:03:48,806 main DEBUG a00977249.Gis - /Users/SIA/Documents/workspace/A00977249Assignment2/personas.dat
2016-08-30 21:03:48,829 main DEBUG a00977249.Gis - personas.dat file content interpreted
2016-08-30 21:03:48,830 main DEBUG a00977249.Gis - PlayerReader
2016-08-30 21:03:48,830 main DEBUG a00977249.Gis - /Users/SIA/Documents/workspace/A00977249Assignment2/players.dat
2016-08-30 21:03:48,836 main DEBUG a00977249.Gis - players.dat file content interpreted
2016-08-30 21:03:48,838 main DEBUG a00977249.Gis - ScoreReader
2016-08-30 21:03:48,838 main DEBUG a00977249.Gis - /Users/SIA/Documents/workspace/A00977249Assignment2/scores.dat
2016-08-30 21:03:48,841 main DEBUG a00977249.Gis - scores.dat file content interpreted
2016-08-30 21:03:48,841 main DEBUG a00977249.Gis - PlayerReportReader
2016-08-30 21:03:48,842 main DEBUG a00977249.Gis - LeaderBoardReportReader
2016-08-30 21:03:49,302 main DEBUG data.DataManager - Game table already exists in the database
2016-08-30 21:03:49,332 main DEBUG data.DataManager - Persona table already exists in the database
2016-08-30 21:03:49,355 main DEBUG data.DataManager - Player table already exists in the database
2016-08-30 21:03:49,421 main DEBUG data.DataManager - Score table already exists in the database
2016-08-30 21:03:49,448 main DEBUG data.DataManager - PlayerScore table already exists in the database
2016-08-30 21:03:49,458 main DEBUG data.DataManager - PersonaScore table already exists in the database
2016-08-30 21:03:49,467 main DEBUG data.DataManager - GameCountsDao table already exists in the database
2016-08-30 21:03:49,842 main FATAL data.DataManager - java.sql.SQLIntegrityConstraintViolationException: The statement was aborted because it would have caused a duplicate key value in a unique or primary key constraint or unique index identified by 'SQL160712192648710' defined on 'GAME'.
2016-08-30 21:03:49,919 main FATAL data.DataManager - java.sql.SQLIntegrityConstraintViolationException: The statement was aborted because it would have caused a duplicate key value in a unique or primary key constraint or unique index identified by 'SQL160712192648920' defined on 'PERSONA'.
2016-08-30 21:03:50,201 main FATAL data.DataManager - java.sql.SQLIntegrityConstraintViolationException: The statement was aborted because it would have caused a duplicate key value in a unique or primary key constraint or unique index identified by 'SQL160712192649010' defined on 'PLAYER'.
2016-08-30 21:03:50,219 main FATAL data.DataManager - java.sql.SQLIntegrityConstraintViolationException: The statement was aborted because it would have caused a duplicate key value in a unique or primary key constraint or unique index identified by 'SQL160712192649100' defined on 'SCORE'.
2016-08-30 21:03:50,272 main FATAL data.DataManager - java.sql.SQLIntegrityConstraintViolationException: The statement was aborted because it would have caused a duplicate key value in a unique or primary key constraint or unique index identified by 'SQL160712192649160' defined on 'PLAYERSCORE'.
2016-08-30 21:03:50,331 main FATAL data.DataManager - java.sql.SQLIntegrityConstraintViolationException: The statement was aborted because it would have caused a duplicate key value in a unique or primary key constraint or unique index identified by 'SQL160712192649210' defined on 'PERSONASCORE'.
2016-08-30 21:03:50,343 main FATAL data.DataManager - java.sql.SQLIntegrityConstraintViolationException: The statement was aborted because it would have caused a duplicate key value in a unique or primary key constraint or unique index identified by 'SQL160712192649280' defined on 'GAMECOUNTSDAO'.
2016-08-30 21:03:50,344 main INFO  a00977249.Gis - 2016-08-31T04:03:50.344Z
2016-09-05 20:15:25,478 main INFO  a00977249.Gis - 2016-09-06T03:15:25.463Z
2016-09-05 20:15:25,668 main DEBUG database.Database - Loading database properties from db.properties
2016-09-05 20:15:25,668 main DEBUG database.Database - org.apache.derby.jdbc.EmbeddedDriver
2016-09-05 20:15:26,439 main INFO  a00977249.Gis - UI created
2016-09-05 20:15:27,460 main DEBUG database.Database - Driver loaded
2016-09-05 20:15:28,938 main DEBUG database.Database - Database connected
2016-09-05 20:15:29,007 main DEBUG data.DataManager - Files accessed
2016-09-05 20:15:29,040 main DEBUG a00977249.Gis - GameReader
2016-09-05 20:15:29,056 main DEBUG a00977249.Gis - /Users/SIA/Documents/workspace/A00977249Assignment2/games.dat
2016-09-05 20:15:29,138 main DEBUG a00977249.Gis - games.dat file content interpreted
2016-09-05 20:15:29,138 main DEBUG a00977249.Gis - PersonaReader
2016-09-05 20:15:29,138 main DEBUG a00977249.Gis - /Users/SIA/Documents/workspace/A00977249Assignment2/personas.dat
2016-09-05 20:15:29,165 main DEBUG a00977249.Gis - personas.dat file content interpreted
2016-09-05 20:15:29,166 main DEBUG a00977249.Gis - PlayerReader
2016-09-05 20:15:29,166 main DEBUG a00977249.Gis - /Users/SIA/Documents/workspace/A00977249Assignment2/players.dat
2016-09-05 20:15:29,186 main DEBUG a00977249.Gis - players.dat file content interpreted
2016-09-05 20:15:29,187 main DEBUG a00977249.Gis - ScoreReader
2016-09-05 20:15:29,187 main DEBUG a00977249.Gis - /Users/SIA/Documents/workspace/A00977249Assignment2/scores.dat
2016-09-05 20:15:29,200 main DEBUG a00977249.Gis - scores.dat file content interpreted
2016-09-05 20:15:29,202 main DEBUG a00977249.Gis - PlayerReportReader
2016-09-05 20:15:29,203 main DEBUG a00977249.Gis - LeaderBoardReportReader
2016-09-05 20:15:30,088 main DEBUG data.DataManager - Game table already exists in the database
2016-09-05 20:15:30,115 main DEBUG data.DataManager - Persona table already exists in the database
2016-09-05 20:15:30,136 main DEBUG data.DataManager - Player table already exists in the database
2016-09-05 20:15:30,176 main DEBUG data.DataManager - Score table already exists in the database
2016-09-05 20:15:30,209 main DEBUG data.DataManager - PlayerScore table already exists in the database
2016-09-05 20:15:30,255 main DEBUG data.DataManager - PersonaScore table already exists in the database
2016-09-05 20:15:30,265 main DEBUG data.DataManager - GameCountsDao table already exists in the database
2016-09-05 20:15:30,630 main FATAL data.DataManager - java.sql.SQLIntegrityConstraintViolationException: The statement was aborted because it would have caused a duplicate key value in a unique or primary key constraint or unique index identified by 'SQL160712192648710' defined on 'GAME'.
2016-09-05 20:15:30,729 main FATAL data.DataManager - java.sql.SQLIntegrityConstraintViolationException: The statement was aborted because it would have caused a duplicate key value in a unique or primary key constraint or unique index identified by 'SQL160712192648920' defined on 'PERSONA'.
2016-09-05 20:15:30,809 main FATAL data.DataManager - java.sql.SQLIntegrityConstraintViolationException: The statement was aborted because it would have caused a duplicate key value in a unique or primary key constraint or unique index identified by 'SQL160712192649010' defined on 'PLAYER'.
2016-09-05 20:15:30,829 main FATAL data.DataManager - java.sql.SQLIntegrityConstraintViolationException: The statement was aborted because it would have caused a duplicate key value in a unique or primary key constraint or unique index identified by 'SQL160712192649100' defined on 'SCORE'.
2016-09-05 20:15:30,890 main FATAL data.DataManager - java.sql.SQLIntegrityConstraintViolationException: The statement was aborted because it would have caused a duplicate key value in a unique or primary key constraint or unique index identified by 'SQL160712192649160' defined on 'PLAYERSCORE'.
2016-09-05 20:15:30,924 main FATAL data.DataManager - java.sql.SQLIntegrityConstraintViolationException: The statement was aborted because it would have caused a duplicate key value in a unique or primary key constraint or unique index identified by 'SQL160712192649210' defined on 'PERSONASCORE'.
2016-09-05 20:15:30,971 main FATAL data.DataManager - java.sql.SQLIntegrityConstraintViolationException: The statement was aborted because it would have caused a duplicate key value in a unique or primary key constraint or unique index identified by 'SQL160712192649280' defined on 'GAMECOUNTSDAO'.
2016-09-05 20:15:30,972 main INFO  a00977249.Gis - 2016-09-06T03:15:30.972Z
2016-09-05 20:15:35,222 AWT-EventQueue-0 DEBUG database.Database - Driver loaded
2016-09-05 20:15:35,226 AWT-EventQueue-0 DEBUG database.Database - Database connected
2016-09-05 20:15:35,266 AWT-EventQueue-0 DEBUG dao.PlayerDao - SELECT * FROM Player
2016-09-05 20:15:39,956 AWT-EventQueue-0 DEBUG dao.PlayerDao - SELECT * FROM Player WHERE ID = 3
2016-09-05 20:15:44,718 AWT-EventQueue-0 DEBUG dao.PlayerDao - UPDATE Player set ID=3, FIRSTNAME='Conraddd', LASTNAME='Washington', EMAILADDRESS='fredfish@gamer.net', BIRTHDATE='1972-07-12' WHERE ID=3
2016-09-05 20:15:44,799 AWT-EventQueue-0 DEBUG dao.PlayerDao - Updated 1 rows
2016-09-05 20:15:44,840 AWT-EventQueue-0 DEBUG dao.PlayerDao - SELECT * FROM Player
2016-09-05 20:16:00,283 main INFO  a00977249.Gis - 2016-09-06T03:16:00.274Z
2016-09-05 20:16:00,438 main DEBUG database.Database - Loading database properties from db.properties
2016-09-05 20:16:00,438 main DEBUG database.Database - org.apache.derby.jdbc.EmbeddedDriver
2016-09-05 20:16:01,111 main INFO  a00977249.Gis - UI created
2016-09-05 20:16:11,429 main DEBUG database.Database - Driver loaded
2016-09-05 20:16:34,005 main DEBUG database.Database - Database connected
2016-09-05 20:16:34,404 main DEBUG data.DataManager - Files accessed
2016-09-05 20:16:34,848 main DEBUG a00977249.Gis - GameReader
2016-09-05 20:16:34,894 main DEBUG a00977249.Gis - /Users/SIA/Documents/workspace/A00977249Assignment2/games.dat
2016-09-05 20:16:35,594 main DEBUG a00977249.Gis - games.dat file content interpreted
2016-09-05 20:16:35,600 main DEBUG a00977249.Gis - PersonaReader
2016-09-05 20:16:35,605 main DEBUG a00977249.Gis - /Users/SIA/Documents/workspace/A00977249Assignment2/personas.dat
2016-09-05 20:16:35,768 main DEBUG a00977249.Gis - personas.dat file content interpreted
2016-09-05 20:16:35,773 main DEBUG a00977249.Gis - PlayerReader
2016-09-05 20:16:35,778 main DEBUG a00977249.Gis - /Users/SIA/Documents/workspace/A00977249Assignment2/players.dat
2016-09-05 20:16:36,069 main DEBUG a00977249.Gis - players.dat file content interpreted
2016-09-05 20:16:36,074 main DEBUG a00977249.Gis - ScoreReader
2016-09-05 20:16:36,079 main DEBUG a00977249.Gis - /Users/SIA/Documents/workspace/A00977249Assignment2/scores.dat
2016-09-05 20:16:36,316 main DEBUG a00977249.Gis - scores.dat file content interpreted
2016-09-05 20:17:01,533 main DEBUG a00977249.Gis - PlayerReportReader
2016-09-05 20:17:01,592 main DEBUG a00977249.Gis - LeaderBoardReportReader
2016-09-05 20:17:47,924 main INFO  a00977249.Gis - 2016-09-06T03:17:47.895Z
2016-09-05 20:17:48,246 main DEBUG database.Database - Loading database properties from db.properties
2016-09-05 20:17:48,246 main DEBUG database.Database - org.apache.derby.jdbc.EmbeddedDriver
2016-09-05 20:17:51,703 main INFO  a00977249.Gis - UI created
2016-09-05 20:18:01,110 main DEBUG database.Database - Driver loaded
2016-09-05 20:18:07,820 main DEBUG database.Database - Database connected
2016-09-05 20:18:08,065 main DEBUG data.DataManager - Files accessed
2016-09-05 20:18:08,094 main DEBUG a00977249.Gis - GameReader
2016-09-05 20:18:08,123 main DEBUG a00977249.Gis - /Users/SIA/Documents/workspace/A00977249Assignment2/games.dat
2016-09-05 20:18:08,229 main DEBUG a00977249.Gis - games.dat file content interpreted
2016-09-05 20:18:08,237 main DEBUG a00977249.Gis - PersonaReader
2016-09-05 20:18:08,251 main DEBUG a00977249.Gis - /Users/SIA/Documents/workspace/A00977249Assignment2/personas.dat
2016-09-05 20:18:08,379 main DEBUG a00977249.Gis - personas.dat file content interpreted
2016-09-05 20:18:08,396 main DEBUG a00977249.Gis - PlayerReader
2016-09-05 20:18:08,405 main DEBUG a00977249.Gis - /Users/SIA/Documents/workspace/A00977249Assignment2/players.dat
2016-09-05 20:18:08,629 main DEBUG a00977249.Gis - players.dat file content interpreted
2016-09-05 20:18:08,638 main DEBUG a00977249.Gis - ScoreReader
2016-09-05 20:18:08,644 main DEBUG a00977249.Gis - /Users/SIA/Documents/workspace/A00977249Assignment2/scores.dat
2016-09-05 20:18:08,792 main DEBUG a00977249.Gis - scores.dat file content interpreted
2016-09-05 20:18:17,325 main DEBUG a00977249.Gis - PlayerReportReader
2016-09-05 20:18:17,346 main DEBUG a00977249.Gis - LeaderBoardReportReader
2016-09-05 20:18:38,416 main INFO  a00977249.Gis - 2016-09-06T03:18:38.409Z
2016-09-05 20:18:38,532 main DEBUG database.Database - Loading database properties from db.properties
2016-09-05 20:18:38,532 main DEBUG database.Database - org.apache.derby.jdbc.EmbeddedDriver
2016-09-05 20:18:39,400 main INFO  a00977249.Gis - UI created
2016-09-05 20:18:39,913 main DEBUG database.Database - Driver loaded
2016-09-05 20:18:40,374 main DEBUG database.Database - Database connected
2016-09-05 20:18:40,381 main DEBUG data.DataManager - Files accessed
2016-09-05 20:18:40,382 main DEBUG a00977249.Gis - GameReader
2016-09-05 20:18:40,383 main DEBUG a00977249.Gis - /Users/SIA/Documents/workspace/A00977249Assignment2/games.dat
2016-09-05 20:18:40,389 main DEBUG a00977249.Gis - games.dat file content interpreted
2016-09-05 20:18:40,390 main DEBUG a00977249.Gis - PersonaReader
2016-09-05 20:18:40,390 main DEBUG a00977249.Gis - /Users/SIA/Documents/workspace/A00977249Assignment2/personas.dat
2016-09-05 20:18:40,394 main DEBUG a00977249.Gis - personas.dat file content interpreted
2016-09-05 20:18:40,395 main DEBUG a00977249.Gis - PlayerReader
2016-09-05 20:18:40,395 main DEBUG a00977249.Gis - /Users/SIA/Documents/workspace/A00977249Assignment2/players.dat
2016-09-05 20:18:40,406 main DEBUG a00977249.Gis - players.dat file content interpreted
2016-09-05 20:18:40,407 main DEBUG a00977249.Gis - ScoreReader
2016-09-05 20:18:40,407 main DEBUG a00977249.Gis - /Users/SIA/Documents/workspace/A00977249Assignment2/scores.dat
2016-09-05 20:18:40,410 main DEBUG a00977249.Gis - scores.dat file content interpreted
2016-09-05 20:18:40,410 main DEBUG a00977249.Gis - PlayerReportReader
2016-09-05 20:18:40,411 main DEBUG a00977249.Gis - LeaderBoardReportReader
2016-09-05 20:18:40,999 main DEBUG data.DataManager - Game table already exists in the database
2016-09-05 20:18:41,021 main DEBUG data.DataManager - Persona table already exists in the database
2016-09-05 20:18:41,035 main DEBUG data.DataManager - Player table already exists in the database
2016-09-05 20:18:41,050 main DEBUG data.DataManager - Score table already exists in the database
2016-09-05 20:18:41,090 main DEBUG data.DataManager - PlayerScore table already exists in the database
2016-09-05 20:18:41,100 main DEBUG data.DataManager - PersonaScore table already exists in the database
2016-09-05 20:18:41,110 main DEBUG data.DataManager - GameCountsDao table already exists in the database
2016-09-05 20:18:41,484 main FATAL data.DataManager - java.sql.SQLIntegrityConstraintViolationException: The statement was aborted because it would have caused a duplicate key value in a unique or primary key constraint or unique index identified by 'SQL160712192648710' defined on 'GAME'.
2016-09-05 20:18:41,509 main FATAL data.DataManager - java.sql.SQLIntegrityConstraintViolationException: The statement was aborted because it would have caused a duplicate key value in a unique or primary key constraint or unique index identified by 'SQL160712192648920' defined on 'PERSONA'.
2016-09-05 20:18:41,529 main FATAL data.DataManager - java.sql.SQLIntegrityConstraintViolationException: The statement was aborted because it would have caused a duplicate key value in a unique or primary key constraint or unique index identified by 'SQL160712192649010' defined on 'PLAYER'.
2016-09-05 20:18:41,595 main FATAL data.DataManager - java.sql.SQLIntegrityConstraintViolationException: The statement was aborted because it would have caused a duplicate key value in a unique or primary key constraint or unique index identified by 'SQL160712192649100' defined on 'SCORE'.
2016-09-05 20:18:41,614 main FATAL data.DataManager - java.sql.SQLIntegrityConstraintViolationException: The statement was aborted because it would have caused a duplicate key value in a unique or primary key constraint or unique index identified by 'SQL160712192649160' defined on 'PLAYERSCORE'.
2016-09-05 20:18:41,661 main FATAL data.DataManager - java.sql.SQLIntegrityConstraintViolationException: The statement was aborted because it would have caused a duplicate key value in a unique or primary key constraint or unique index identified by 'SQL160712192649210' defined on 'PERSONASCORE'.
2016-09-05 20:18:41,681 main FATAL data.DataManager - java.sql.SQLIntegrityConstraintViolationException: The statement was aborted because it would have caused a duplicate key value in a unique or primary key constraint or unique index identified by 'SQL160712192649280' defined on 'GAMECOUNTSDAO'.
2016-09-05 20:18:41,682 main INFO  a00977249.Gis - 2016-09-06T03:18:41.682Z
2016-09-05 20:18:47,691 AWT-EventQueue-0 DEBUG database.Database - Driver loaded
2016-09-05 20:18:47,693 AWT-EventQueue-0 DEBUG database.Database - Database connected
2016-09-05 20:18:47,743 AWT-EventQueue-0 DEBUG dao.PlayerDao - SELECT * FROM Player
2016-09-05 20:18:49,314 AWT-EventQueue-0 DEBUG dao.PlayerDao - SELECT * FROM Player WHERE ID = 3
2016-09-05 20:18:52,188 AWT-EventQueue-0 DEBUG dao.PlayerDao - UPDATE Player set ID=3, FIRSTNAME='Conrad', LASTNAME='Washington', EMAILADDRESS='fredfish@gamer.net', BIRTHDATE='1972-07-12' WHERE ID=3
2016-09-05 20:18:52,290 AWT-EventQueue-0 DEBUG dao.PlayerDao - Updated 1 rows
2016-09-05 20:18:52,312 AWT-EventQueue-0 DEBUG dao.PlayerDao - SELECT * FROM Player
2016-09-05 20:19:06,260 AWT-EventQueue-0 DEBUG dao.PlayerDao - SELECT * FROM Player WHERE ID = 3
2016-09-05 20:19:08,367 AWT-EventQueue-0 DEBUG dao.PlayerDao - SELECT * FROM Player
2016-09-05 20:19:56,122 main INFO  a00977249.Gis - 2016-09-06T03:19:56.113Z
2016-09-05 20:19:56,258 main DEBUG database.Database - Loading database properties from db.properties
2016-09-05 20:19:56,258 main DEBUG database.Database - org.apache.derby.jdbc.EmbeddedDriver
2016-09-05 20:19:56,966 main INFO  a00977249.Gis - UI created
2016-09-05 20:20:07,282 main DEBUG database.Database - Driver loaded
2016-09-05 20:20:18,327 main DEBUG database.Database - Database connected
2016-09-05 20:20:18,564 main DEBUG data.DataManager - Files accessed
2016-09-05 20:20:18,606 main DEBUG a00977249.Gis - GameReader
2016-09-05 20:20:18,628 main DEBUG a00977249.Gis - /Users/SIA/Documents/workspace/A00977249Assignment2/games.dat
2016-09-05 20:20:18,709 main DEBUG a00977249.Gis - games.dat file content interpreted
2016-09-05 20:20:18,719 main DEBUG a00977249.Gis - PersonaReader
2016-09-05 20:20:18,724 main DEBUG a00977249.Gis - /Users/SIA/Documents/workspace/A00977249Assignment2/personas.dat
2016-09-05 20:20:18,848 main DEBUG a00977249.Gis - personas.dat file content interpreted
2016-09-05 20:20:18,861 main DEBUG a00977249.Gis - PlayerReader
2016-09-05 20:20:18,869 main DEBUG a00977249.Gis - /Users/SIA/Documents/workspace/A00977249Assignment2/players.dat
2016-09-05 20:20:19,081 main DEBUG a00977249.Gis - players.dat file content interpreted
2016-09-05 20:20:19,086 main DEBUG a00977249.Gis - ScoreReader
2016-09-05 20:20:19,091 main DEBUG a00977249.Gis - /Users/SIA/Documents/workspace/A00977249Assignment2/scores.dat
2016-09-05 20:20:19,262 main DEBUG a00977249.Gis - scores.dat file content interpreted
2016-09-05 20:20:34,012 main DEBUG a00977249.Gis - PlayerReportReader
2016-09-05 20:20:36,850 main DEBUG a00977249.Gis - LeaderBoardReportReader
2016-09-05 20:20:41,973 main DEBUG data.DataManager - Game table already exists in the database
2016-09-05 20:20:42,500 main DEBUG data.DataManager - Persona table already exists in the database
2016-09-05 20:20:43,118 main DEBUG data.DataManager - Player table already exists in the database
2016-09-05 20:20:43,641 main DEBUG data.DataManager - Score table already exists in the database
2016-09-05 20:20:44,169 main DEBUG data.DataManager - PlayerScore table already exists in the database
2016-09-05 20:20:44,691 main DEBUG data.DataManager - PersonaScore table already exists in the database
2016-09-05 20:20:45,212 main DEBUG data.DataManager - GameCountsDao table already exists in the database
2016-09-05 20:20:47,949 main FATAL data.DataManager - java.sql.SQLIntegrityConstraintViolationException: The statement was aborted because it would have caused a duplicate key value in a unique or primary key constraint or unique index identified by 'SQL160712192648710' defined on 'GAME'.
2016-09-05 20:20:48,591 main FATAL data.DataManager - java.sql.SQLIntegrityConstraintViolationException: The statement was aborted because it would have caused a duplicate key value in a unique or primary key constraint or unique index identified by 'SQL160712192648920' defined on 'PERSONA'.
2016-09-05 20:20:49,124 main FATAL data.DataManager - java.sql.SQLIntegrityConstraintViolationException: The statement was aborted because it would have caused a duplicate key value in a unique or primary key constraint or unique index identified by 'SQL160712192649010' defined on 'PLAYER'.
2016-09-05 20:20:49,765 main FATAL data.DataManager - java.sql.SQLIntegrityConstraintViolationException: The statement was aborted because it would have caused a duplicate key value in a unique or primary key constraint or unique index identified by 'SQL160712192649100' defined on 'SCORE'.
2016-09-05 20:20:50,213 main FATAL data.DataManager - java.sql.SQLIntegrityConstraintViolationException: The statement was aborted because it would have caused a duplicate key value in a unique or primary key constraint or unique index identified by 'SQL160712192649160' defined on 'PLAYERSCORE'.
2016-09-05 20:20:50,791 main FATAL data.DataManager - java.sql.SQLIntegrityConstraintViolationException: The statement was aborted because it would have caused a duplicate key value in a unique or primary key constraint or unique index identified by 'SQL160712192649210' defined on 'PERSONASCORE'.
2016-09-05 20:20:51,302 main FATAL data.DataManager - java.sql.SQLIntegrityConstraintViolationException: The statement was aborted because it would have caused a duplicate key value in a unique or primary key constraint or unique index identified by 'SQL160712192649280' defined on 'GAMECOUNTSDAO'.
2016-09-05 20:21:10,660 main INFO  a00977249.Gis - 2016-09-06T03:21:10.659Z
2016-09-05 20:21:19,095 AWT-EventQueue-0 DEBUG database.Database - Driver loaded
2016-09-05 20:21:19,149 AWT-EventQueue-0 DEBUG database.Database - Database connected
2016-09-05 20:21:19,671 AWT-EventQueue-0 DEBUG dao.PlayerDao - SELECT * FROM Player
2016-09-05 20:22:30,917 AWT-EventQueue-0 DEBUG dao.PlayerDao - SELECT * FROM Player WHERE ID = 2
2016-09-05 20:26:42,806 AWT-EventQueue-0 DEBUG dao.PlayerDao - SELECT * FROM Player
2016-09-05 20:27:57,608 AWT-EventQueue-0 DEBUG dao.PlayerDao - SELECT * FROM Player WHERE ID = 1
2016-09-05 20:28:30,749 AWT-EventQueue-0 DEBUG dao.PlayerDao - SELECT * FROM Player
2016-09-05 20:28:42,600 AWT-EventQueue-0 DEBUG dao.PlayerDao - SELECT * FROM Player WHERE ID = 5
2016-09-05 20:28:49,598 AWT-EventQueue-0 DEBUG dao.PlayerDao - SELECT * FROM Player
2016-09-05 20:30:10,164 AWT-EventQueue-0 DEBUG dao.PlayerDao - SELECT * FROM Player WHERE ID = 1
2016-09-05 20:30:18,679 AWT-EventQueue-0 DEBUG dao.PlayerDao - SELECT * FROM Player
2016-09-05 20:31:06,998 AWT-EventQueue-0 DEBUG dao.PlayerDao - SELECT * FROM Player WHERE ID = 3
2016-09-05 20:31:11,299 AWT-EventQueue-0 DEBUG dao.PlayerDao - SELECT * FROM Player
2016-09-05 20:32:32,192 AWT-EventQueue-0 DEBUG dao.PlayerDao - SELECT * FROM Player WHERE ID = 2
2016-09-05 20:32:36,192 AWT-EventQueue-0 DEBUG dao.PlayerDao - SELECT * FROM Player
2016-09-05 20:33:06,914 main INFO  a00977249.Gis - 2016-09-06T03:33:06.906Z
2016-09-05 20:33:07,046 main DEBUG database.Database - Loading database properties from db.properties
2016-09-05 20:33:07,046 main DEBUG database.Database - org.apache.derby.jdbc.EmbeddedDriver
2016-09-05 20:33:07,769 main INFO  a00977249.Gis - UI created
2016-09-05 20:33:18,368 main DEBUG database.Database - Driver loaded
2016-09-05 20:33:29,196 main DEBUG database.Database - Database connected
2016-09-05 20:33:29,449 main DEBUG data.DataManager - Files accessed
2016-09-05 20:33:29,495 main DEBUG a00977249.Gis - GameReader
2016-09-05 20:33:29,527 main DEBUG a00977249.Gis - /Users/SIA/Documents/workspace/A00977249Assignment2/games.dat
2016-09-05 20:33:29,609 main DEBUG a00977249.Gis - games.dat file content interpreted
2016-09-05 20:33:29,615 main DEBUG a00977249.Gis - PersonaReader
2016-09-05 20:33:29,627 main DEBUG a00977249.Gis - /Users/SIA/Documents/workspace/A00977249Assignment2/personas.dat
2016-09-05 20:33:29,723 main DEBUG a00977249.Gis - personas.dat file content interpreted
2016-09-05 20:33:29,734 main DEBUG a00977249.Gis - PlayerReader
2016-09-05 20:33:29,741 main DEBUG a00977249.Gis - /Users/SIA/Documents/workspace/A00977249Assignment2/players.dat
2016-09-05 20:33:30,012 main DEBUG a00977249.Gis - players.dat file content interpreted
2016-09-05 20:33:30,025 main DEBUG a00977249.Gis - ScoreReader
2016-09-05 20:33:30,040 main DEBUG a00977249.Gis - /Users/SIA/Documents/workspace/A00977249Assignment2/scores.dat
2016-09-05 20:33:30,269 main DEBUG a00977249.Gis - scores.dat file content interpreted
2016-09-05 20:33:34,199 main DEBUG a00977249.Gis - PlayerReportReader
2016-09-05 20:33:34,221 main DEBUG a00977249.Gis - LeaderBoardReportReader
2016-09-05 20:33:37,695 main DEBUG data.DataManager - Game table already exists in the database
2016-09-05 20:33:38,204 main DEBUG data.DataManager - Persona table already exists in the database
2016-09-05 20:33:38,718 main DEBUG data.DataManager - Player table already exists in the database
2016-09-05 20:33:39,233 main DEBUG data.DataManager - Score table already exists in the database
2016-09-05 20:33:39,750 main DEBUG data.DataManager - PlayerScore table already exists in the database
2016-09-05 20:33:40,263 main DEBUG data.DataManager - PersonaScore table already exists in the database
2016-09-05 20:33:40,779 main DEBUG data.DataManager - GameCountsDao table already exists in the database
2016-09-05 20:33:43,452 main FATAL data.DataManager - java.sql.SQLIntegrityConstraintViolationException: The statement was aborted because it would have caused a duplicate key value in a unique or primary key constraint or unique index identified by 'SQL160712192648710' defined on 'GAME'.
2016-09-05 20:33:44,073 main FATAL data.DataManager - java.sql.SQLIntegrityConstraintViolationException: The statement was aborted because it would have caused a duplicate key value in a unique or primary key constraint or unique index identified by 'SQL160712192648920' defined on 'PERSONA'.
2016-09-05 20:33:44,586 main FATAL data.DataManager - java.sql.SQLIntegrityConstraintViolationException: The statement was aborted because it would have caused a duplicate key value in a unique or primary key constraint or unique index identified by 'SQL160712192649010' defined on 'PLAYER'.
2016-09-05 20:33:45,210 main FATAL data.DataManager - java.sql.SQLIntegrityConstraintViolationException: The statement was aborted because it would have caused a duplicate key value in a unique or primary key constraint or unique index identified by 'SQL160712192649100' defined on 'SCORE'.
2016-09-05 20:33:45,645 main FATAL data.DataManager - java.sql.SQLIntegrityConstraintViolationException: The statement was aborted because it would have caused a duplicate key value in a unique or primary key constraint or unique index identified by 'SQL160712192649160' defined on 'PLAYERSCORE'.
2016-09-05 20:33:46,205 main FATAL data.DataManager - java.sql.SQLIntegrityConstraintViolationException: The statement was aborted because it would have caused a duplicate key value in a unique or primary key constraint or unique index identified by 'SQL160712192649210' defined on 'PERSONASCORE'.
2016-09-05 20:33:46,685 main FATAL data.DataManager - java.sql.SQLIntegrityConstraintViolationException: The statement was aborted because it would have caused a duplicate key value in a unique or primary key constraint or unique index identified by 'SQL160712192649280' defined on 'GAMECOUNTSDAO'.
2016-09-05 20:33:46,694 main INFO  a00977249.Gis - 2016-09-06T03:33:46.693Z
2016-09-05 20:33:53,395 AWT-EventQueue-0 DEBUG database.Database - Driver loaded
2016-09-05 20:33:53,450 AWT-EventQueue-0 DEBUG database.Database - Database connected
2016-09-05 20:33:54,073 AWT-EventQueue-0 DEBUG dao.PlayerDao - SELECT * FROM Player
2016-09-05 20:34:07,715 AWT-EventQueue-0 DEBUG dao.PlayerDao - SELECT * FROM Player WHERE ID = 3
2016-09-05 20:35:10,343 AWT-EventQueue-0 DEBUG dao.PlayerDao - SELECT * FROM Player
2016-09-05 20:36:48,637 AWT-EventQueue-0 DEBUG dao.PlayerDao - SELECT * FROM Player WHERE ID = 5
2016-09-05 20:37:52,546 AWT-EventQueue-0 DEBUG dao.PlayerDao - SELECT * FROM Player
2016-09-05 20:57:28,458 main INFO  a00977249.Gis - 2016-09-06T03:57:28.451Z
2016-09-05 20:57:28,584 main DEBUG database.Database - Loading database properties from db.properties
2016-09-05 20:57:28,584 main DEBUG database.Database - org.apache.derby.jdbc.EmbeddedDriver
2016-09-05 20:57:29,325 main INFO  a00977249.Gis - UI created
2017-03-31 19:16:55,298 main INFO  a00977249.Gis - 2017-04-01T02:16:55.286Z
2017-03-31 19:16:55,538 main DEBUG database.Database - Loading database properties from db.properties
2017-03-31 19:16:55,539 main DEBUG database.Database - org.apache.derby.jdbc.EmbeddedDriver
2017-03-31 19:16:59,984 main INFO  a00977249.Gis - UI created
2017-03-31 19:17:01,935 main DEBUG database.Database - Driver loaded
2017-03-31 19:17:03,210 main DEBUG database.Database - Database connected
2017-03-31 19:17:03,242 main DEBUG data.DataManager - Files accessed
2017-03-31 19:17:03,246 main DEBUG a00977249.Gis - GameReader
2017-03-31 19:17:03,248 main DEBUG a00977249.Gis - /Users/SIA/Documents/workspaceJEE/COMP2613-A00977249Assignment2/games.dat
2017-03-31 19:17:03,258 main DEBUG a00977249.Gis - games.dat file content interpreted
2017-03-31 19:17:03,259 main DEBUG a00977249.Gis - PersonaReader
2017-03-31 19:17:03,260 main DEBUG a00977249.Gis - /Users/SIA/Documents/workspaceJEE/COMP2613-A00977249Assignment2/personas.dat
2017-03-31 19:17:03,286 main DEBUG a00977249.Gis - personas.dat file content interpreted
2017-03-31 19:17:03,287 main DEBUG a00977249.Gis - PlayerReader
2017-03-31 19:17:03,288 main DEBUG a00977249.Gis - /Users/SIA/Documents/workspaceJEE/COMP2613-A00977249Assignment2/players.dat
2017-03-31 19:17:03,300 main DEBUG a00977249.Gis - players.dat file content interpreted
2017-03-31 19:17:03,300 main DEBUG a00977249.Gis - ScoreReader
2017-03-31 19:17:03,301 main DEBUG a00977249.Gis - /Users/SIA/Documents/workspaceJEE/COMP2613-A00977249Assignment2/scores.dat
2017-03-31 19:17:03,306 main DEBUG a00977249.Gis - scores.dat file content interpreted
2017-03-31 19:17:03,307 main DEBUG a00977249.Gis - PlayerReportReader
2017-03-31 19:17:03,310 main DEBUG a00977249.Gis - LeaderBoardReportReader
2017-03-31 19:17:04,132 main DEBUG data.DataManager - Game table already exists in the database
2017-03-31 19:17:04,165 main DEBUG data.DataManager - Persona table already exists in the database
2017-03-31 19:17:04,220 main DEBUG data.DataManager - Player table already exists in the database
2017-03-31 19:17:04,286 main DEBUG data.DataManager - Score table already exists in the database
2017-03-31 19:17:04,380 main DEBUG data.DataManager - PlayerScore table already exists in the database
2017-03-31 19:17:04,403 main DEBUG data.DataManager - PersonaScore table already exists in the database
2017-03-31 19:17:04,419 main DEBUG data.DataManager - GameCountsDao table already exists in the database
2017-03-31 19:17:05,072 main FATAL data.DataManager - java.sql.SQLIntegrityConstraintViolationException: The statement was aborted because it would have caused a duplicate key value in a unique or primary key constraint or unique index identified by 'SQL160712192648710' defined on 'GAME'.
2017-03-31 19:17:05,166 main FATAL data.DataManager - java.sql.SQLIntegrityConstraintViolationException: The statement was aborted because it would have caused a duplicate key value in a unique or primary key constraint or unique index identified by 'SQL160712192648920' defined on 'PERSONA'.
2017-03-31 19:17:05,293 main FATAL data.DataManager - java.sql.SQLIntegrityConstraintViolationException: The statement was aborted because it would have caused a duplicate key value in a unique or primary key constraint or unique index identified by 'SQL160712192649010' defined on 'PLAYER'.
2017-03-31 19:17:05,374 main FATAL data.DataManager - java.sql.SQLIntegrityConstraintViolationException: The statement was aborted because it would have caused a duplicate key value in a unique or primary key constraint or unique index identified by 'SQL160712192649100' defined on 'SCORE'.
2017-03-31 19:17:05,405 main FATAL data.DataManager - java.sql.SQLIntegrityConstraintViolationException: The statement was aborted because it would have caused a duplicate key value in a unique or primary key constraint or unique index identified by 'SQL160712192649160' defined on 'PLAYERSCORE'.
2017-03-31 19:17:05,474 main FATAL data.DataManager - java.sql.SQLIntegrityConstraintViolationException: The statement was aborted because it would have caused a duplicate key value in a unique or primary key constraint or unique index identified by 'SQL160712192649210' defined on 'PERSONASCORE'.
2017-03-31 19:17:05,571 main FATAL data.DataManager - java.sql.SQLIntegrityConstraintViolationException: The statement was aborted because it would have caused a duplicate key value in a unique or primary key constraint or unique index identified by 'SQL160712192649280' defined on 'GAMECOUNTSDAO'.
2017-03-31 19:17:05,572 main INFO  a00977249.Gis - 2017-04-01T02:17:05.572Z
2017-03-31 19:17:32,407 AWT-EventQueue-0 DEBUG database.Database - Driver loaded
2017-03-31 19:17:32,413 AWT-EventQueue-0 DEBUG database.Database - Database connected
2017-03-31 19:17:32,527 AWT-EventQueue-0 DEBUG dao.PlayerDao - SELECT * FROM Player
